<?xml version="1.0" encoding="UTF-8"?>
<testsuite xmlns:xsi="http://www.w3.org/2001/XMLSchema-instance" xsi:noNamespaceSchemaLocation="https://maven.apache.org/surefire/maven-surefire-plugin/xsd/surefire-test-report-3.0.xsd" version="3.0" name="org.insa.graphes.model.PathTest" time="0.034" tests="12" errors="0" skipped="0" failures="0">
  <properties>
    <property name="java.specification.version" value="17"/>
    <property name="sun.jnu.encoding" value="UTF-8"/>
    <property name="java.class.path" value="/home/chauv/Bureau/3MIC/Graphe/BE_graphe/be-graphes-model/target/test-classes:/home/chauv/Bureau/3MIC/Graphe/BE_graphe/be-graphes-model/target/classes:/home/chauv/.m2/repository/junit/junit/4.12/junit-4.12.jar:/home/chauv/.m2/repository/org/hamcrest/hamcrest-core/1.3/hamcrest-core-1.3.jar:"/>
    <property name="java.vm.vendor" value="Ubuntu"/>
    <property name="sun.arch.data.model" value="64"/>
    <property name="java.vendor.url" value="https://ubuntu.com/"/>
    <property name="os.name" value="Linux"/>
    <property name="java.vm.specification.version" value="17"/>
    <property name="user.country" value="FR"/>
    <property name="sun.java.launcher" value="SUN_STANDARD"/>
    <property name="sun.boot.library.path" value="/usr/lib/jvm/java-17-openjdk-amd64/lib"/>
    <property name="sun.java.command" value="/home/chauv/Bureau/3MIC/Graphe/BE_graphe/be-graphes-model/target/surefire/surefirebooter-20250404101350547_3.jar /home/chauv/Bureau/3MIC/Graphe/BE_graphe/be-graphes-model/target/surefire 2025-04-04T10-13-50_433-jvmRun1 surefire-20250404101350547_1tmp surefire_0-20250404101350547_2tmp"/>
    <property name="jdk.debug" value="release"/>
    <property name="test" value="org.insa.graphes.model.PathTest"/>
    <property name="surefire.test.class.path" value="/home/chauv/Bureau/3MIC/Graphe/BE_graphe/be-graphes-model/target/test-classes:/home/chauv/Bureau/3MIC/Graphe/BE_graphe/be-graphes-model/target/classes:/home/chauv/.m2/repository/junit/junit/4.12/junit-4.12.jar:/home/chauv/.m2/repository/org/hamcrest/hamcrest-core/1.3/hamcrest-core-1.3.jar:"/>
    <property name="sun.cpu.endian" value="little"/>
    <property name="user.home" value="/home/chauv"/>
    <property name="user.language" value="fr"/>
    <property name="java.specification.vendor" value="Oracle Corporation"/>
    <property name="java.version.date" value="2025-01-21"/>
    <property name="java.home" value="/usr/lib/jvm/java-17-openjdk-amd64"/>
    <property name="file.separator" value="/"/>
    <property name="basedir" value="/home/chauv/Bureau/3MIC/Graphe/BE_graphe/be-graphes-model"/>
    <property name="java.vm.compressedOopsMode" value="Zero based"/>
    <property name="line.separator" value="&#10;"/>
    <property name="java.vm.specification.vendor" value="Oracle Corporation"/>
    <property name="java.specification.name" value="Java Platform API Specification"/>
    <property name="surefire.real.class.path" value="/home/chauv/Bureau/3MIC/Graphe/BE_graphe/be-graphes-model/target/surefire/surefirebooter-20250404101350547_3.jar"/>
    <property name="sun.management.compiler" value="HotSpot 64-Bit Tiered Compilers"/>
    <property name="java.runtime.version" value="17.0.14+7-Ubuntu-122.04.1"/>
    <property name="user.name" value="chauv"/>
    <property name="path.separator" value=":"/>
    <property name="os.version" value="6.8.0-57-generic"/>
    <property name="java.runtime.name" value="OpenJDK Runtime Environment"/>
    <property name="file.encoding" value="UTF-8"/>
    <property name="java.vm.name" value="OpenJDK 64-Bit Server VM"/>
    <property name="maven.ext.class.path" value="/home/chauv/.vscode/extensions/oracle.oracle-java-23.1.0/nbcode/java/maven-nblib/netbeans-eventspy.jar"/>
    <property name="localRepository" value="/home/chauv/.m2/repository"/>
    <property name="java.vendor.url.bug" value="https://bugs.launchpad.net/ubuntu/+source/openjdk-17"/>
    <property name="java.io.tmpdir" value="/tmp"/>
    <property name="java.version" value="17.0.14"/>
    <property name="user.dir" value="/home/chauv/Bureau/3MIC/Graphe/BE_graphe/be-graphes-model"/>
    <property name="os.arch" value="amd64"/>
    <property name="java.vm.specification.name" value="Java Virtual Machine Specification"/>
    <property name="native.encoding" value="UTF-8"/>
    <property name="java.library.path" value="/usr/java/packages/lib:/usr/lib/x86_64-linux-gnu/jni:/lib/x86_64-linux-gnu:/usr/lib/x86_64-linux-gnu:/usr/lib/jni:/lib:/usr/lib"/>
    <property name="java.vm.info" value="mixed mode, sharing"/>
    <property name="java.vendor" value="Ubuntu"/>
    <property name="java.vm.version" value="17.0.14+7-Ubuntu-122.04.1"/>
    <property name="java.specification.maintenance.version" value="1"/>
    <property name="sun.io.unicode.encoding" value="UnicodeLittle"/>
    <property name="java.class.version" value="61.0"/>
  </properties>
  <testcase name="testGetTravelTime" classname="org.insa.graphes.model.PathTest" time="0.0"/>
  <testcase name="testCreateShortestPathFromNodesException" classname="org.insa.graphes.model.PathTest" time="0.0"/>
  <testcase name="testSize" classname="org.insa.graphes.model.PathTest" time="0.0"/>
  <testcase name="testCreateFastestPathFromNodesException" classname="org.insa.graphes.model.PathTest" time="0.0"/>
  <testcase name="testCreateFastestPathFromNodes" classname="org.insa.graphes.model.PathTest" time="0.0"/>
  <testcase name="testGetMinimumTravelTime" classname="org.insa.graphes.model.PathTest" time="0.0"/>
  <testcase name="testGetLength" classname="org.insa.graphes.model.PathTest" time="0.0"/>
  <testcase name="testImmutability" classname="org.insa.graphes.model.PathTest" time="0.0"/>
  <testcase name="testCreateShortestPathFromNodes" classname="org.insa.graphes.model.PathTest" time="0.001"/>
  <testcase name="testIsEmpty" classname="org.insa.graphes.model.PathTest" time="0.0"/>
  <testcase name="testIsValid" classname="org.insa.graphes.model.PathTest" time="0.0"/>
  <testcase name="testConstructor" classname="org.insa.graphes.model.PathTest" time="0.0"/>
</testsuite>