<?xml version="1.0" encoding="UTF-8"?>
<testsuite xmlns:xsi="http://www.w3.org/2001/XMLSchema-instance" xsi:noNamespaceSchemaLocation="https://maven.apache.org/surefire/maven-surefire-plugin/xsd/surefire-test-report-3.0.xsd" version="3.0" name="org.insa.graphes.model.PathTest" time="0.058" tests="12" errors="0" skipped="0" failures="0">
  <properties>
    <property name="java.specification.version" value="21"/>
    <property name="sun.cpu.isalist" value="amd64"/>
    <property name="sun.jnu.encoding" value="Cp1252"/>
    <property name="java.class.path" value="C:\Users\thaoh\Desktop\INSA\INSA 3A\BE Graphes\BE_graphe\be-graphes-model\target\test-classes;C:\Users\thaoh\Desktop\INSA\INSA 3A\BE Graphes\BE_graphe\be-graphes-model\target\classes;C:\Users\thaoh\.m2\repository\junit\junit\4.12\junit-4.12.jar;C:\Users\thaoh\.m2\repository\org\hamcrest\hamcrest-core\1.3\hamcrest-core-1.3.jar;"/>
    <property name="java.vm.vendor" value="Eclipse Adoptium"/>
    <property name="sun.arch.data.model" value="64"/>
    <property name="user.variant" value=""/>
    <property name="java.vendor.url" value="https://adoptium.net/"/>
    <property name="user.timezone" value="Europe/Paris"/>
    <property name="os.name" value="Windows 11"/>
    <property name="java.vm.specification.version" value="21"/>
    <property name="user.country" value="FR"/>
    <property name="sun.java.launcher" value="SUN_STANDARD"/>
    <property name="sun.boot.library.path" value="D:\JDK Hotspot 21.0.5+11\bin"/>
    <property name="sun.java.command" value="C:\Users\thaoh\AppData\Local\Temp\surefire307276766130796389\surefirebooter-20250411083135786_3.jar C:\Users\thaoh\AppData\Local\Temp\surefire307276766130796389 2025-04-11T08-31-34_744-jvmRun1 surefire-20250411083135786_1tmp surefire_0-20250411083135786_2tmp"/>
    <property name="jdk.debug" value="release"/>
    <property name="test" value="org.insa.graphes.model.PathTest"/>
    <property name="surefire.test.class.path" value="C:\Users\thaoh\Desktop\INSA\INSA 3A\BE Graphes\BE_graphe\be-graphes-model\target\test-classes;C:\Users\thaoh\Desktop\INSA\INSA 3A\BE Graphes\BE_graphe\be-graphes-model\target\classes;C:\Users\thaoh\.m2\repository\junit\junit\4.12\junit-4.12.jar;C:\Users\thaoh\.m2\repository\org\hamcrest\hamcrest-core\1.3\hamcrest-core-1.3.jar;"/>
    <property name="sun.cpu.endian" value="little"/>
    <property name="user.home" value="C:\Users\thaoh"/>
    <property name="user.language" value="fr"/>
    <property name="java.specification.vendor" value="Oracle Corporation"/>
    <property name="java.version.date" value="2024-10-15"/>
    <property name="java.home" value="D:\JDK Hotspot 21.0.5+11"/>
    <property name="file.separator" value="\"/>
    <property name="basedir" value="C:\Users\thaoh\Desktop\INSA\INSA 3A\BE Graphes\BE_graphe\be-graphes-model"/>
    <property name="java.vm.compressedOopsMode" value="Zero based"/>
    <property name="line.separator" value="&#10;"/>
    <property name="java.vm.specification.vendor" value="Oracle Corporation"/>
    <property name="java.specification.name" value="Java Platform API Specification"/>
    <property name="surefire.real.class.path" value="C:\Users\thaoh\AppData\Local\Temp\surefire307276766130796389\surefirebooter-20250411083135786_3.jar"/>
    <property name="user.script" value=""/>
    <property name="sun.management.compiler" value="HotSpot 64-Bit Tiered Compilers"/>
    <property name="java.runtime.version" value="21.0.5+11-LTS"/>
    <property name="user.name" value="thaoh"/>
    <property name="stdout.encoding" value="Cp1252"/>
    <property name="path.separator" value=";"/>
    <property name="os.version" value="10.0"/>
    <property name="java.runtime.name" value="OpenJDK Runtime Environment"/>
    <property name="file.encoding" value="UTF-8"/>
    <property name="java.vm.name" value="OpenJDK 64-Bit Server VM"/>
    <property name="java.vendor.version" value="Temurin-21.0.5+11"/>
    <property name="maven.ext.class.path" value="C:\Users\thaoh\.vscode\extensions\oracle.oracle-java-23.1.0\nbcode\java\maven-nblib\netbeans-eventspy.jar"/>
    <property name="localRepository" value="C:\Users\thaoh\.m2\repository"/>
    <property name="java.vendor.url.bug" value="https://github.com/adoptium/adoptium-support/issues"/>
    <property name="java.io.tmpdir" value="C:\Users\thaoh\AppData\Local\Temp\"/>
    <property name="java.version" value="21.0.5"/>
    <property name="user.dir" value="C:\Users\thaoh\Desktop\INSA\INSA 3A\BE Graphes\BE_graphe\be-graphes-model"/>
    <property name="os.arch" value="amd64"/>
    <property name="java.vm.specification.name" value="Java Virtual Machine Specification"/>
    <property name="sun.os.patch.level" value=""/>
    <property name="native.encoding" value="Cp1252"/>
    <property name="java.library.path" value="D:\JDK Hotspot 21.0.5+11\bin;C:\WINDOWS\Sun\Java\bin;C:\WINDOWS\system32;C:\WINDOWS;D:\JDK Hotspot 21.0.5+11\bin;C:\Program Files\Common Files\Oracle\Java\javapath;C:\Program Files (x86)\Common Files\Oracle\Java\java8path;C:\Program Files (x86)\Common Files\Oracle\Java\javapath;C:\WINDOWS\system32;C:\WINDOWS;C:\WINDOWS\System32\Wbem;C:\WINDOWS\System32\WindowsPowerShell\v1.0\;C:\WINDOWS\System32\OpenSSH\;D:\Git\cmd;C:\Program Files\Microsoft SQL Server\110\Tools\Binn\;C:\Program Files\Microsoft SQL Server\160\Tools\Binn\;C:\Users\thaoh\AppData\Local\Programs\Python\Python311\Scripts\;C:\Users\thaoh\AppData\Local\Programs\Python\Python311\;C:\Users\thaoh\AppData\Local\Microsoft\WindowsApps;D:\Microsoft VS Code\bin;C:\Users\thaoh\AppData\Local\GitHubDesktop\bin;D:\IntelliJ IDEA Community Edition 2024.2.3\bin;;C:\Users\thaoh\AppData\Local\Programs\MiKTeX\miktex\bin\x64\;."/>
    <property name="java.vm.info" value="mixed mode, sharing"/>
    <property name="stderr.encoding" value="Cp1252"/>
    <property name="java.vendor" value="Eclipse Adoptium"/>
    <property name="java.vm.version" value="21.0.5+11-LTS"/>
    <property name="sun.io.unicode.encoding" value="UnicodeLittle"/>
    <property name="java.class.version" value="65.0"/>
  </properties>
  <testcase name="testGetTravelTime" classname="org.insa.graphes.model.PathTest" time="0.002"/>
  <testcase name="testCreateShortestPathFromNodesException" classname="org.insa.graphes.model.PathTest" time="0.0"/>
  <testcase name="testSize" classname="org.insa.graphes.model.PathTest" time="0.0"/>
  <testcase name="testCreateFastestPathFromNodesException" classname="org.insa.graphes.model.PathTest" time="0.0"/>
  <testcase name="testCreateFastestPathFromNodes" classname="org.insa.graphes.model.PathTest" time="0.0"/>
  <testcase name="testGetMinimumTravelTime" classname="org.insa.graphes.model.PathTest" time="0.0"/>
  <testcase name="testGetLength" classname="org.insa.graphes.model.PathTest" time="0.0"/>
  <testcase name="testImmutability" classname="org.insa.graphes.model.PathTest" time="0.0"/>
  <testcase name="testCreateShortestPathFromNodes" classname="org.insa.graphes.model.PathTest" time="0.001"/>
  <testcase name="testIsEmpty" classname="org.insa.graphes.model.PathTest" time="0.0"/>
  <testcase name="testIsValid" classname="org.insa.graphes.model.PathTest" time="0.0"/>
  <testcase name="testConstructor" classname="org.insa.graphes.model.PathTest" time="0.0"/>
</testsuite>